[debug] [2021-02-16T07:53:31.517Z] ----------------------------------------------------------------------
[debug] [2021-02-16T07:53:31.520Z] Command:       /usr/local/bin/firebase /home/solairaj/.cache/firebase/tools/lib/node_modules/firebase-tools/lib/bin/firebase deploy --token 1//0gRPRuKsUYGh9CgYIARAAGBASNwF-L9IrrTFwU3XIiX8b-9QJ3xtVMihIvNASDPA_vdhmFNnorgETE9jSBsYJK2TLj3hXzFkKRqs --only hosting:srmvecyrc
[debug] [2021-02-16T07:53:31.521Z] CLI Version:   9.3.0
[debug] [2021-02-16T07:53:31.521Z] Platform:      linux
[debug] [2021-02-16T07:53:31.521Z] Node Version:  v12.18.1
[debug] [2021-02-16T07:53:31.522Z] Time:          Tue Feb 16 2021 13:23:31 GMT+0530 (India Standard Time)
[debug] [2021-02-16T07:53:31.522Z] ----------------------------------------------------------------------
[debug] [2021-02-16T07:53:31.522Z] 
[debug] [2021-02-16T07:53:31.534Z] > command requires scopes: ["email","openid","https://www.googleapis.com/auth/cloudplatformprojects.readonly","https://www.googleapis.com/auth/firebase","https://www.googleapis.com/auth/cloud-platform"]
[debug] [2021-02-16T07:53:31.535Z] > authorizing via --token option
[debug] [2021-02-16T07:53:31.536Z] [iam] checking project yrc-vec-web for permissions ["firebase.projects.get","firebasehosting.sites.update"]
[debug] [2021-02-16T07:53:31.540Z] > refreshing access token with scopes: ["email","openid","https://www.googleapis.com/auth/cloudplatformprojects.readonly","https://www.googleapis.com/auth/firebase","https://www.googleapis.com/auth/cloud-platform"]
[debug] [2021-02-16T07:53:31.540Z] >>> HTTP REQUEST POST https://www.googleapis.com/oauth2/v3/token  
 <request body omitted>
[debug] [2021-02-16T07:53:31.882Z] <<< HTTP RESPONSE 200 {"cache-control":"no-cache, no-store, max-age=0, must-revalidate","pragma":"no-cache","expires":"Mon, 01 Jan 1990 00:00:00 GMT","date":"Tue, 16 Feb 2021 07:53:31 GMT","content-type":"application/json; charset=utf-8","vary":"X-Origin, Referer, Origin,Accept-Encoding","server":"scaffolding on HTTPServer2","x-xss-protection":"0","x-frame-options":"SAMEORIGIN","x-content-type-options":"nosniff","alt-svc":"h3-29=\":443\"; ma=2592000,h3-T051=\":443\"; ma=2592000,h3-Q050=\":443\"; ma=2592000,h3-Q046=\":443\"; ma=2592000,h3-Q043=\":443\"; ma=2592000,quic=\":443\"; ma=2592000; v=\"46,43\"","accept-ranges":"none","transfer-encoding":"chunked"}
[debug] [2021-02-16T07:53:31.885Z] >>> HTTP REQUEST POST https://cloudresourcemanager.googleapis.com/v1/projects/yrc-vec-web:testIamPermissions  
 {"permissions":["firebase.projects.get","firebasehosting.sites.update"]}
[debug] [2021-02-16T07:53:33.629Z] <<< HTTP RESPONSE 200 {"content-type":"application/json; charset=UTF-8","vary":"X-Origin, Referer, Origin,Accept-Encoding","date":"Tue, 16 Feb 2021 07:53:33 GMT","server":"ESF","cache-control":"private","x-xss-protection":"0","x-frame-options":"SAMEORIGIN","x-content-type-options":"nosniff","server-timing":"gfet4t7; dur=1175","alt-svc":"h3-29=\":443\"; ma=2592000,h3-T051=\":443\"; ma=2592000,h3-Q050=\":443\"; ma=2592000,h3-Q046=\":443\"; ma=2592000,h3-Q043=\":443\"; ma=2592000,quic=\":443\"; ma=2592000; v=\"46,43\"","accept-ranges":"none","transfer-encoding":"chunked"}
[debug] [2021-02-16T07:53:33.635Z] > refreshing access token with scopes: []
[debug] [2021-02-16T07:53:33.636Z] >>> HTTP REQUEST POST https://www.googleapis.com/oauth2/v3/token  
 <request body omitted>
[debug] [2021-02-16T07:53:33.927Z] <<< HTTP RESPONSE 200 {"pragma":"no-cache","expires":"Mon, 01 Jan 1990 00:00:00 GMT","date":"Tue, 16 Feb 2021 07:53:33 GMT","cache-control":"no-cache, no-store, max-age=0, must-revalidate","content-type":"application/json; charset=utf-8","vary":"X-Origin, Referer, Origin,Accept-Encoding","server":"scaffolding on HTTPServer2","x-xss-protection":"0","x-frame-options":"SAMEORIGIN","x-content-type-options":"nosniff","alt-svc":"h3-29=\":443\"; ma=2592000,h3-T051=\":443\"; ma=2592000,h3-Q050=\":443\"; ma=2592000,h3-Q046=\":443\"; ma=2592000,h3-Q043=\":443\"; ma=2592000,quic=\":443\"; ma=2592000; v=\"46,43\"","accept-ranges":"none","transfer-encoding":"chunked"}
[debug] [2021-02-16T07:53:33.933Z] >>> [apiv2][query] GET https://firebase.googleapis.com/v1beta1/projects/yrc-vec-web [none]
[debug] [2021-02-16T07:53:34.600Z] <<< [apiv2][status] GET https://firebase.googleapis.com/v1beta1/projects/yrc-vec-web 200
[debug] [2021-02-16T07:53:34.601Z] <<< [apiv2][body] GET https://firebase.googleapis.com/v1beta1/projects/yrc-vec-web {"projectId":"yrc-vec-web","projectNumber":"409070488123","displayName":"yrc-vec-web","name":"projects/yrc-vec-web","resources":{"hostingSite":"yrc-vec-web","realtimeDatabaseInstance":"yrc-vec-web","storageBucket":"yrc-vec-web.appspot.com","locationId":"us-central"},"state":"ACTIVE"}
[info] 
[info] === Deploying to 'yrc-vec-web'...
[info] 
[info] i  deploying hosting 
[debug] [2021-02-16T07:53:34.610Z] > refreshing access token with scopes: ["email","https://www.googleapis.com/auth/cloud-platform","https://www.googleapis.com/auth/cloudplatformprojects.readonly","https://www.googleapis.com/auth/firebase","openid"]
[debug] [2021-02-16T07:53:34.611Z] >>> HTTP REQUEST POST https://www.googleapis.com/oauth2/v3/token  
 <request body omitted>
[debug] [2021-02-16T07:53:34.880Z] <<< HTTP RESPONSE 200 {"cache-control":"no-cache, no-store, max-age=0, must-revalidate","pragma":"no-cache","expires":"Mon, 01 Jan 1990 00:00:00 GMT","date":"Tue, 16 Feb 2021 07:53:34 GMT","content-type":"application/json; charset=utf-8","vary":"X-Origin, Referer, Origin,Accept-Encoding","server":"scaffolding on HTTPServer2","x-xss-protection":"0","x-frame-options":"SAMEORIGIN","x-content-type-options":"nosniff","alt-svc":"h3-29=\":443\"; ma=2592000,h3-T051=\":443\"; ma=2592000,h3-Q050=\":443\"; ma=2592000,h3-Q046=\":443\"; ma=2592000,h3-Q043=\":443\"; ma=2592000,quic=\":443\"; ma=2592000; v=\"46,43\"","accept-ranges":"none","transfer-encoding":"chunked"}
[debug] [2021-02-16T07:53:34.881Z] >>> HTTP REQUEST POST https://firebasehosting.googleapis.com/v1beta1/sites/srmvecyrc/versions  
 {"config":{"rewrites":[{"glob":"**","path":"/index.html"}]},"labels":{"deployment-tool":"cli-firebase"}}
[debug] [2021-02-16T07:53:36.890Z] <<< HTTP RESPONSE 200 {"content-type":"application/json; charset=UTF-8","vary":"X-Origin, Referer, Origin,Accept-Encoding","date":"Tue, 16 Feb 2021 07:53:36 GMT","server":"ESF","cache-control":"private","x-xss-protection":"0","x-frame-options":"SAMEORIGIN","x-content-type-options":"nosniff","alt-svc":"h3-29=\":443\"; ma=2592000,h3-T051=\":443\"; ma=2592000,h3-Q050=\":443\"; ma=2592000,h3-Q046=\":443\"; ma=2592000,h3-Q043=\":443\"; ma=2592000,quic=\":443\"; ma=2592000; v=\"46,43\"","accept-ranges":"none","transfer-encoding":"chunked"}
[info] i  hosting[srmvecyrc]: beginning deploy... 
[info] i  hosting[srmvecyrc]: found 62 files in build 
[debug] [2021-02-16T07:53:36.943Z] > refreshing access token with scopes: []
[debug] [2021-02-16T07:53:36.944Z] >>> HTTP REQUEST POST https://www.googleapis.com/oauth2/v3/token  
 <request body omitted>
[debug] [2021-02-16T07:53:36.950Z] [hosting] hash cache [YnVpbGQ] stored for 62 files
[debug] [2021-02-16T07:53:36.950Z] [hosting][hash queue][FINAL] {"max":4,"min":0,"avg":0.0807670591200883,"active":0,"complete":62,"success":62,"errored":0,"retried":0,"total":62,"elapsed":15}
[debug] [2021-02-16T07:53:37.230Z] <<< HTTP RESPONSE 200 {"pragma":"no-cache","cache-control":"no-cache, no-store, max-age=0, must-revalidate","expires":"Mon, 01 Jan 1990 00:00:00 GMT","date":"Tue, 16 Feb 2021 07:53:37 GMT","content-type":"application/json; charset=utf-8","vary":"X-Origin, Referer, Origin,Accept-Encoding","server":"scaffolding on HTTPServer2","x-xss-protection":"0","x-frame-options":"SAMEORIGIN","x-content-type-options":"nosniff","alt-svc":"h3-29=\":443\"; ma=2592000,h3-T051=\":443\"; ma=2592000,h3-Q050=\":443\"; ma=2592000,h3-Q046=\":443\"; ma=2592000,h3-Q043=\":443\"; ma=2592000,quic=\":443\"; ma=2592000; v=\"46,43\"","accept-ranges":"none","transfer-encoding":"chunked"}
[debug] [2021-02-16T07:53:37.232Z] >>> [apiv2][query] POST https://firebasehosting.googleapis.com/v1beta1/sites/srmvecyrc/versions/57419f64e88d921c:populateFiles [none]
[debug] [2021-02-16T07:53:37.233Z] >>> [apiv2][body] POST https://firebasehosting.googleapis.com/v1beta1/sites/srmvecyrc/versions/57419f64e88d921c:populateFiles {"files":{"/asset-manifest.json":"a305aca2676cdf6fb8f9abe8f5dee91904b190be657a8d07564aaf6fd2aa7d40","/cross.png":"385a9d28cd970ad0e98b08cf8545a68d6f7664617c182e55eb02d0aba984d3a9","/google5dbd80ed76414fd8.html":"d72ff2b6298bc8a113ca56543299b3294e4ee9cccb8db6361b3aa0abb6dd088c","/index.html":"5439f32ee03ed74245fcf992f5236cd616bb288c7670eafbae1366c8b05784b4","/precache-manifest.c42ac1c7f205d2dd95e808e8fd959997.js":"2208f2e203414a2e4ce752fa12033f8cdd66397ada2725d3aec9660b2ba43211","/robots.txt":"2544ca049f223a42bff01f72ad930a5edba75bbb7199d0f8430a02ff5aca16ec","/service-worker.js":"2fbb3e1abaadb5e7b37abcce05f49dde7b68d3dce511ba51a96ebd96f3549c1b","/static/css/11.c6ee600d.chunk.css":"029dc4a6d18d4cc810781abd25018d26bc5e1a77c9ff1f0f3e772414b8f5abf0","/static/css/11.c6ee600d.chunk.css.map":"794f685c81add374e4937db96fe61057557aab9847d77f31dcaea62b1ce4c1d5","/static/css/8.c6ee600d.chunk.css":"ac17ca2b4374f750a8746f5d9c79ac779054156ff74d06cccd12048a5ba9e8d9","/static/css/8.c6ee600d.chunk.css.map":"a7c5a412c76377eeef2fc5846df19ca52d822af1c54e39c83be25fcda156a999","/static/css/9.c6ee600d.chunk.css":"b221721037e20e1abcdbed82af89b1ed2d1f14e3f0da6e447dbedb59d62ca0ea","/static/css/9.c6ee600d.chunk.css.map":"78d6682049690eb9d0d1474dc583825cba95288a562254e289c3ec58d29abad0","/static/css/main.6e3778ed.chunk.css":"7ce6cb52957f14f2a36e66bef04da55d94ccc28059c14b11c489fd3010ed03b7","/static/css/main.6e3778ed.chunk.css.map":"5566fef83f8b31731647f47a647f2b839d633d3bd3406f387712f9cd019817a2","/static/js/0.7ee55649.chunk.js":"000c4add0a929583d88aa6c52e400a3c1701af9f30385639001af7623e36abb4","/static/js/0.7ee55649.chunk.js.map":"1dc4527143960ae73ba2fe7055ab1da4a014042e42e27d5d0551da36a14b6690","/static/js/1.a962c7ca.chunk.js":"62fe617885ad95e9bb6fc00d4e4dfa39841da636aa3faac8831464880e679e94","/static/js/1.a962c7ca.chunk.js.map":"5c1cb0f6fc7236bfdfa3df67b167588c53bf3a61b76cf00d22a3636f2da3262a","/static/js/10.d96e2688.chunk.js":"0773e3f335691062890008a81c59951a634985ae491c1f0121bdba48532612b3","/static/js/10.d96e2688.chunk.js.map":"36efbb9074ee9bad632e939e2f7701a2cbe8383b750622881142c15314b14d8c","/static/js/11.f9fe4cf4.chunk.js":"65ebc9b3fbb6e9f6879274fb5daf115d9933dd35d731faa2efaa7ca9f33d33b8","/static/js/11.f9fe4cf4.chunk.js.map":"eb65521c39858bdbcb108c8c5abbd8f103666699ae8480558e8a4e968b16fdf0","/static/js/12.da98074c.chunk.js":"d4566d10719ab3a4ee1c7f3b586adeb7e93eed3df7fd66a0e36df4b124954570","/static/js/12.da98074c.chunk.js.map":"029ef29e0b4dc2e30778089f2c4e366209739a27cd7888fea49cebcef42194cb","/static/js/13.9bee6851.chunk.js":"4354c21338b9da25ddfb15ca09a2418d190e38a2fa9c7c2d1cfe9bcc98116fd5","/static/js/13.9bee6851.chunk.js.map":"52a5d8b08bac667561b3bc59343b38178b0ba75b4711d7ac9e0110be0133e87e","/static/js/14.9be99552.chunk.js":"c5a5ff771d4cfe900e8f029ca7cb8f70c8a360f474a09ea057a6ca3625ac4cf0","/static/js/14.9be99552.chunk.js.map":"7c3037ac25827b57521f9f9ac1447b4d49f9fd669da2cf53e6df580fe7100025","/static/js/15.86497742.chunk.js":"19c1d879453cd828b83666d8923289d35ea555126f6a7c8d5e4202abd46f57b1","/static/js/15.86497742.chunk.js.map":"fd2332d17d0e6d8a790c4de4f2b5a7a500280c688d306d0a0448341ff9430406","/static/js/16.f3bb17df.chunk.js":"d31bd1530a10e47c2f8278753fdd1302637fb11134dc226d50e08594326132ff","/static/js/16.f3bb17df.chunk.js.map":"3322970f29a4d4900a9544775715e576dc92f02b7b2f9cad8c78961e5926241a","/static/js/17.456810c9.chunk.js":"a147d7b14937f31c7317547cd50688b2396ef1e452e1a30227a53b99dfc12800","/static/js/17.456810c9.chunk.js.map":"a3a39dcf6f41edc0fe3171fc8e3e5e2db938db360476356a35e91088e7254783","/static/js/18.28ebe44d.chunk.js":"3ac1e8d74e9f13a5e6afe5b610ba626a0f17e88d45da7a76b4f65c4a4ff161c1","/static/js/18.28ebe44d.chunk.js.map":"dc944cdc504a02857f8257b854e2e1ef112e597c6797cb94a6cee80bd686c29c","/static/js/19.a3e248d1.chunk.js":"a0ecc8bd328edb40984d0840579de1d2ba0072a0c03afa8bd878cdd77025f4d4","/static/js/19.a3e248d1.chunk.js.map":"e5c92d6c9e8ab4eb59cb06672f34109610186083257fb34eb049a90d545a95fd","/static/js/2.80368e6c.chunk.js":"255ff8aa030ac9654cd331eebd6a3a42e490be82641f2c2f2784b849d1bfcb03","/static/js/2.80368e6c.chunk.js.LICENSE.txt":"283c9bd4a6471195ec89dc9f50c9424fab596011ffcf8350833ccdb2fe58cb42","/static/js/2.80368e6c.chunk.js.map":"93f6c1ca975e4a6be8669316c31b7d47caed84f0215648951825eb4c48f8de20","/static/js/20.135ca836.chunk.js":"23f102b696d759af462191f38aa5035d7d06c7db487b911f7231b3927df987d2","/static/js/20.135ca836.chunk.js.map":"58d3260aa8b179fde02a7c114949ee55e24cf00c62e03d63f65e02dee7bcff89","/static/js/3.d6448ea0.chunk.js":"1926fff6aa6862d1641119decd59af921877ca5d9ae713ce196f10c1d600a25b","/static/js/3.d6448ea0.chunk.js.map":"e42ad36105ec84b33a7bd1bebcc87f78f3136471ad1a09b145efa9105af1f2f5","/static/js/6.258fd997.chunk.js":"edbf5887e1a70a63108f5bb793491406c6700b23cd67c8bde7cf70abbcd79f05","/static/js/6.258fd997.chunk.js.LICENSE.txt":"5413d2a6f999542407df95d0403eef985188902d866878fc5f59d954f2dfb5d9","/static/js/6.258fd997.chunk.js.map":"08462819b8bdcfec68e4994f457ddd4720de50de71db3f9a54e81b97ae556581","/static/js/7.84a0f057.chunk.js":"1e3ccaf1f11952e3b4e404e273d5f748ed939de1ea26c30aee0b223c7fb1dd63","/static/js/7.84a0f057.chunk.js.LICENSE.txt":"53e06463d4bc9f9bcab58689265c1ddbf7740a8fdd8bdc4d653544d343374ac7","/static/js/7.84a0f057.chunk.js.map":"17c7c3c2bb29c99965deb16232dc8046ff1a675aa45ad1cc82aa489ad1ee2c40","/static/js/8.4524b554.chunk.js":"ef055d1a2ebb13206201b448777a7de55ec34ff3c8bb5b1b18237ec5a3e37289","/static/js/8.4524b554.chunk.js.map":"3749a73ef8bddcdf55238a7bff039a27874c0236a83f40b1e04600dd88eb700e","/static/js/9.64d334aa.chunk.js":"6afc7f9f639725b2d8fd5bc768ec35b952383f5dc71a44fcefdbab95d5cd9767","/static/js/9.64d334aa.chunk.js.map":"86df2d0d228f80831bc5b313ddebdc021cab588c4bd37703fe88b960efd83898","/static/js/main.2219dfa9.chunk.js":"949f694e9bc1700debf714c12c182b64c3a1ea6ad728a2e9509f9cd378d4cb99","/static/js/main.2219dfa9.chunk.js.map":"8dbf178c208f07a0d67854746829742823219aa30cec30c37ea78c1193ae2420","/static/js/runtime-main.46cda59d.js":"97b467e32390caec39c933d62a6db450abd9ae8130f35ad2bdc1493072605c31","/static/js/runtime-main.46cda59d.js.map":"a50430c8fcb576ffe5d07585fcc74cdc2aa760765fa35b1a34869b667e740583","/static/media/noimg.521a820e.jpeg":"34c8836e0d8390324470ed65e5b0442256898a53858d861872f9ddd6a81fefb8","/static/media/thumb.22e7f53c.png":"cd5b532d74669b2250a8109776ba0e13fa2c17f86a25209baca35ebfe65a5de0"}}
[debug] [2021-02-16T07:53:38.117Z] <<< [apiv2][status] POST https://firebasehosting.googleapis.com/v1beta1/sites/srmvecyrc/versions/57419f64e88d921c:populateFiles 200
[debug] [2021-02-16T07:53:38.118Z] <<< [apiv2][body] POST https://firebasehosting.googleapis.com/v1beta1/sites/srmvecyrc/versions/57419f64e88d921c:populateFiles {"uploadUrl":"https://upload-firebasehosting.googleapis.com/upload/sites/srmvecyrc/versions/57419f64e88d921c/files"}
[debug] [2021-02-16T07:53:38.119Z] [hosting][populate queue][FINAL] {"max":1177,"min":1177,"avg":1177,"active":0,"complete":1,"success":1,"errored":0,"retried":0,"total":1,"elapsed":1177}
[debug] [2021-02-16T07:53:38.119Z] [hosting] uploads queued: 0
[debug] [2021-02-16T07:53:38.120Z] [hosting][upload queue][FINAL] {"max":0,"min":9999999999,"avg":0,"active":0,"complete":0,"success":0,"errored":0,"retried":0,"total":0,"elapsed":1613462018120}
[info] ✔  hosting[srmvecyrc]: file upload complete 
[debug] [2021-02-16T07:53:38.129Z] [hosting] deploy completed after 1235ms
[debug] [2021-02-16T07:53:38.403Z] [
  {
    "config": {
      "site": "srmvecyrc",
      "public": "build",
      "ignore": [
        "firebase.json",
        "**/.*",
        "**/node_modules/**"
      ],
      "rewrites": [
        {
          "source": "**",
          "destination": "/index.html"
        }
      ]
    },
    "site": "srmvecyrc",
    "version": "sites/srmvecyrc/versions/57419f64e88d921c"
  }
]
[info] i  hosting[srmvecyrc]: finalizing version... 
[debug] [2021-02-16T07:53:38.408Z] > refreshing access token with scopes: ["email","https://www.googleapis.com/auth/cloud-platform","https://www.googleapis.com/auth/cloudplatformprojects.readonly","https://www.googleapis.com/auth/firebase","openid"]
[debug] [2021-02-16T07:53:38.408Z] >>> HTTP REQUEST POST https://www.googleapis.com/oauth2/v3/token  
 <request body omitted>
[debug] [2021-02-16T07:53:38.718Z] <<< HTTP RESPONSE 200 {"expires":"Mon, 01 Jan 1990 00:00:00 GMT","pragma":"no-cache","cache-control":"no-cache, no-store, max-age=0, must-revalidate","date":"Tue, 16 Feb 2021 07:53:38 GMT","content-type":"application/json; charset=utf-8","vary":"X-Origin, Referer, Origin,Accept-Encoding","server":"scaffolding on HTTPServer2","x-xss-protection":"0","x-frame-options":"SAMEORIGIN","x-content-type-options":"nosniff","alt-svc":"h3-29=\":443\"; ma=2592000,h3-T051=\":443\"; ma=2592000,h3-Q050=\":443\"; ma=2592000,h3-Q046=\":443\"; ma=2592000,h3-Q043=\":443\"; ma=2592000,quic=\":443\"; ma=2592000; v=\"46,43\"","accept-ranges":"none","transfer-encoding":"chunked"}
[debug] [2021-02-16T07:53:38.721Z] >>> HTTP REQUEST PATCH https://firebasehosting.googleapis.com/v1beta1/sites/srmvecyrc/versions/57419f64e88d921c?updateMask=status  
 {"status":"FINALIZED"}
[debug] [2021-02-16T07:53:40.350Z] <<< HTTP RESPONSE 200 {"content-type":"application/json; charset=UTF-8","vary":"X-Origin, Referer, Origin,Accept-Encoding","date":"Tue, 16 Feb 2021 07:53:40 GMT","server":"ESF","cache-control":"private","x-xss-protection":"0","x-frame-options":"SAMEORIGIN","x-content-type-options":"nosniff","alt-svc":"h3-29=\":443\"; ma=2592000,h3-T051=\":443\"; ma=2592000,h3-Q050=\":443\"; ma=2592000,h3-Q046=\":443\"; ma=2592000,h3-Q043=\":443\"; ma=2592000,quic=\":443\"; ma=2592000; v=\"46,43\"","accept-ranges":"none","transfer-encoding":"chunked"}
[debug] [2021-02-16T07:53:40.351Z] [hosting] finalized version for srmvecyrc: {"name":"sites/srmvecyrc/versions/57419f64e88d921c","status":"FINALIZED","config":{"rewrites":[{"glob":"**","path":"/index.html"}]},"labels":{"deployment-tool":"cli-firebase"},"createTime":"2021-02-16T07:53:36.488853Z","createUser":{"email":"msraj085@gmail.com"},"finalizeTime":"2021-02-16T07:53:40.135457Z","finalizeUser":{"email":"msraj085@gmail.com"}}
[info] ✔  hosting[srmvecyrc]: version finalized 
[info] i  hosting[srmvecyrc]: releasing new version... 
[debug] [2021-02-16T07:53:40.354Z] >>> HTTP REQUEST POST https://firebasehosting.googleapis.com/v1beta1/sites/srmvecyrc/releases?version_name=sites/srmvecyrc/versions/57419f64e88d921c  
 {"message":null}
[debug] [2021-02-16T07:53:41.950Z] <<< HTTP RESPONSE 200 {"content-type":"application/json; charset=UTF-8","vary":"X-Origin, Referer, Origin,Accept-Encoding","date":"Tue, 16 Feb 2021 07:53:41 GMT","server":"ESF","cache-control":"private","x-xss-protection":"0","x-frame-options":"SAMEORIGIN","x-content-type-options":"nosniff","alt-svc":"h3-29=\":443\"; ma=2592000,h3-T051=\":443\"; ma=2592000,h3-Q050=\":443\"; ma=2592000,h3-Q046=\":443\"; ma=2592000,h3-Q043=\":443\"; ma=2592000,quic=\":443\"; ma=2592000; v=\"46,43\"","accept-ranges":"none","transfer-encoding":"chunked"}
[debug] [2021-02-16T07:53:41.952Z] [hosting] release: {"name":"sites/srmvecyrc/releases/1613462021252409","version":{"name":"sites/srmvecyrc/versions/57419f64e88d921c","status":"FINALIZED","config":{"rewrites":[{"glob":"**","path":"/index.html"}]},"labels":{"deployment-tool":"cli-firebase"},"createTime":"2021-02-16T07:53:36.488853Z","createUser":{"email":"msraj085@gmail.com"},"finalizeTime":"2021-02-16T07:53:40.135457Z","finalizeUser":{"email":"msraj085@gmail.com"},"preview":{}},"type":"DEPLOY","releaseTime":"2021-02-16T07:53:41.252409695Z","releaseUser":{"email":"msraj085@gmail.com"}}
[info] ✔  hosting[srmvecyrc]: release complete 
[info] 
[info] ✔  Deploy complete! 
[info] 
[info] Project Console: https://console.firebase.google.com/project/yrc-vec-web/overview
[info] Hosting URL: https://srmvecyrc.web.app
[debug] [2021-02-16T07:55:49.145Z] ----------------------------------------------------------------------
[debug] [2021-02-16T07:55:49.149Z] Command:       /usr/local/bin/firebase /home/solairaj/.cache/firebase/tools/lib/node_modules/firebase-tools/lib/bin/firebase deploy --token 1//0gRPRuKsUYGh9CgYIARAAGBASNwF-L9IrrTFwU3XIiX8b-9QJ3xtVMihIvNASDPA_vdhmFNnorgETE9jSBsYJK2TLj3hXzFkKRqs --only hosting:srmvecyrc
[debug] [2021-02-16T07:55:49.149Z] CLI Version:   9.3.0
[debug] [2021-02-16T07:55:49.149Z] Platform:      linux
[debug] [2021-02-16T07:55:49.149Z] Node Version:  v12.18.1
[debug] [2021-02-16T07:55:49.150Z] Time:          Tue Feb 16 2021 13:25:49 GMT+0530 (India Standard Time)
[debug] [2021-02-16T07:55:49.150Z] ----------------------------------------------------------------------
[debug] [2021-02-16T07:55:49.151Z] 
[debug] [2021-02-16T07:55:49.162Z] > command requires scopes: ["email","openid","https://www.googleapis.com/auth/cloudplatformprojects.readonly","https://www.googleapis.com/auth/firebase","https://www.googleapis.com/auth/cloud-platform"]
[debug] [2021-02-16T07:55:49.163Z] > authorizing via --token option
[debug] [2021-02-16T07:55:49.163Z] [iam] checking project yrc-vec-web for permissions ["firebase.projects.get","firebasehosting.sites.update"]
[debug] [2021-02-16T07:55:49.167Z] > refreshing access token with scopes: ["email","openid","https://www.googleapis.com/auth/cloudplatformprojects.readonly","https://www.googleapis.com/auth/firebase","https://www.googleapis.com/auth/cloud-platform"]
[debug] [2021-02-16T07:55:49.168Z] >>> HTTP REQUEST POST https://www.googleapis.com/oauth2/v3/token  
 <request body omitted>
[debug] [2021-02-16T07:55:49.517Z] <<< HTTP RESPONSE 200 {"date":"Tue, 16 Feb 2021 07:55:49 GMT","cache-control":"no-cache, no-store, max-age=0, must-revalidate","expires":"Mon, 01 Jan 1990 00:00:00 GMT","pragma":"no-cache","content-type":"application/json; charset=utf-8","vary":"X-Origin, Referer, Origin,Accept-Encoding","server":"scaffolding on HTTPServer2","x-xss-protection":"0","x-frame-options":"SAMEORIGIN","x-content-type-options":"nosniff","alt-svc":"h3-29=\":443\"; ma=2592000,h3-T051=\":443\"; ma=2592000,h3-Q050=\":443\"; ma=2592000,h3-Q046=\":443\"; ma=2592000,h3-Q043=\":443\"; ma=2592000,quic=\":443\"; ma=2592000; v=\"46,43\"","accept-ranges":"none","transfer-encoding":"chunked"}
[debug] [2021-02-16T07:55:49.519Z] >>> HTTP REQUEST POST https://cloudresourcemanager.googleapis.com/v1/projects/yrc-vec-web:testIamPermissions  
 {"permissions":["firebase.projects.get","firebasehosting.sites.update"]}
[debug] [2021-02-16T07:55:50.924Z] <<< HTTP RESPONSE 200 {"content-type":"application/json; charset=UTF-8","vary":"X-Origin, Referer, Origin,Accept-Encoding","date":"Tue, 16 Feb 2021 07:55:50 GMT","server":"ESF","cache-control":"private","x-xss-protection":"0","x-frame-options":"SAMEORIGIN","x-content-type-options":"nosniff","server-timing":"gfet4t7; dur=1164","alt-svc":"h3-29=\":443\"; ma=2592000,h3-T051=\":443\"; ma=2592000,h3-Q050=\":443\"; ma=2592000,h3-Q046=\":443\"; ma=2592000,h3-Q043=\":443\"; ma=2592000,quic=\":443\"; ma=2592000; v=\"46,43\"","accept-ranges":"none","transfer-encoding":"chunked"}
[debug] [2021-02-16T07:55:50.931Z] > refreshing access token with scopes: []
[debug] [2021-02-16T07:55:50.932Z] >>> HTTP REQUEST POST https://www.googleapis.com/oauth2/v3/token  
 <request body omitted>
[debug] [2021-02-16T07:55:51.187Z] <<< HTTP RESPONSE 200 {"date":"Tue, 16 Feb 2021 07:55:51 GMT","pragma":"no-cache","cache-control":"no-cache, no-store, max-age=0, must-revalidate","expires":"Mon, 01 Jan 1990 00:00:00 GMT","content-type":"application/json; charset=utf-8","vary":"X-Origin, Referer, Origin,Accept-Encoding","server":"scaffolding on HTTPServer2","x-xss-protection":"0","x-frame-options":"SAMEORIGIN","x-content-type-options":"nosniff","alt-svc":"h3-29=\":443\"; ma=2592000,h3-T051=\":443\"; ma=2592000,h3-Q050=\":443\"; ma=2592000,h3-Q046=\":443\"; ma=2592000,h3-Q043=\":443\"; ma=2592000,quic=\":443\"; ma=2592000; v=\"46,43\"","accept-ranges":"none","transfer-encoding":"chunked"}
[debug] [2021-02-16T07:55:51.193Z] >>> [apiv2][query] GET https://firebase.googleapis.com/v1beta1/projects/yrc-vec-web [none]
[debug] [2021-02-16T07:55:51.687Z] <<< [apiv2][status] GET https://firebase.googleapis.com/v1beta1/projects/yrc-vec-web 200
[debug] [2021-02-16T07:55:51.688Z] <<< [apiv2][body] GET https://firebase.googleapis.com/v1beta1/projects/yrc-vec-web {"projectId":"yrc-vec-web","projectNumber":"409070488123","displayName":"yrc-vec-web","name":"projects/yrc-vec-web","resources":{"hostingSite":"yrc-vec-web","realtimeDatabaseInstance":"yrc-vec-web","storageBucket":"yrc-vec-web.appspot.com","locationId":"us-central"},"state":"ACTIVE"}
[info] 
[info] === Deploying to 'yrc-vec-web'...
[info] 
[info] i  deploying hosting 
[debug] [2021-02-16T07:55:51.696Z] > refreshing access token with scopes: ["email","https://www.googleapis.com/auth/cloud-platform","https://www.googleapis.com/auth/cloudplatformprojects.readonly","https://www.googleapis.com/auth/firebase","openid"]
[debug] [2021-02-16T07:55:51.696Z] >>> HTTP REQUEST POST https://www.googleapis.com/oauth2/v3/token  
 <request body omitted>
[debug] [2021-02-16T07:55:51.968Z] <<< HTTP RESPONSE 200 {"expires":"Mon, 01 Jan 1990 00:00:00 GMT","cache-control":"no-cache, no-store, max-age=0, must-revalidate","date":"Tue, 16 Feb 2021 07:55:51 GMT","pragma":"no-cache","content-type":"application/json; charset=utf-8","vary":"X-Origin, Referer, Origin,Accept-Encoding","server":"scaffolding on HTTPServer2","x-xss-protection":"0","x-frame-options":"SAMEORIGIN","x-content-type-options":"nosniff","alt-svc":"h3-29=\":443\"; ma=2592000,h3-T051=\":443\"; ma=2592000,h3-Q050=\":443\"; ma=2592000,h3-Q046=\":443\"; ma=2592000,h3-Q043=\":443\"; ma=2592000,quic=\":443\"; ma=2592000; v=\"46,43\"","accept-ranges":"none","transfer-encoding":"chunked"}
[debug] [2021-02-16T07:55:51.969Z] >>> HTTP REQUEST POST https://firebasehosting.googleapis.com/v1beta1/sites/srmvecyrc/versions  
 {"config":{"rewrites":[{"glob":"**","path":"/index.html"}]},"labels":{"deployment-tool":"cli-firebase"}}
[debug] [2021-02-16T07:55:53.793Z] <<< HTTP RESPONSE 200 {"content-type":"application/json; charset=UTF-8","vary":"X-Origin, Referer, Origin,Accept-Encoding","date":"Tue, 16 Feb 2021 07:55:53 GMT","server":"ESF","cache-control":"private","x-xss-protection":"0","x-frame-options":"SAMEORIGIN","x-content-type-options":"nosniff","alt-svc":"h3-29=\":443\"; ma=2592000,h3-T051=\":443\"; ma=2592000,h3-Q050=\":443\"; ma=2592000,h3-Q046=\":443\"; ma=2592000,h3-Q043=\":443\"; ma=2592000,quic=\":443\"; ma=2592000; v=\"46,43\"","accept-ranges":"none","transfer-encoding":"chunked"}
[info] i  hosting[srmvecyrc]: beginning deploy... 
[info] i  hosting[srmvecyrc]: found 62 files in build 
[debug] [2021-02-16T07:55:53.869Z] > refreshing access token with scopes: []
[debug] [2021-02-16T07:55:53.869Z] >>> HTTP REQUEST POST https://www.googleapis.com/oauth2/v3/token  
 <request body omitted>
[debug] [2021-02-16T07:55:53.874Z] [hosting] hash cache [YnVpbGQ] stored for 62 files
[debug] [2021-02-16T07:55:53.874Z] [hosting][hash queue][FINAL] {"max":3,"min":0,"avg":0,"active":0,"complete":62,"success":62,"errored":0,"retried":0,"total":62,"elapsed":10}
[debug] [2021-02-16T07:55:54.131Z] <<< HTTP RESPONSE 200 {"expires":"Mon, 01 Jan 1990 00:00:00 GMT","pragma":"no-cache","date":"Tue, 16 Feb 2021 07:55:54 GMT","cache-control":"no-cache, no-store, max-age=0, must-revalidate","content-type":"application/json; charset=utf-8","vary":"X-Origin, Referer, Origin,Accept-Encoding","server":"scaffolding on HTTPServer2","x-xss-protection":"0","x-frame-options":"SAMEORIGIN","x-content-type-options":"nosniff","alt-svc":"h3-29=\":443\"; ma=2592000,h3-T051=\":443\"; ma=2592000,h3-Q050=\":443\"; ma=2592000,h3-Q046=\":443\"; ma=2592000,h3-Q043=\":443\"; ma=2592000,quic=\":443\"; ma=2592000; v=\"46,43\"","accept-ranges":"none","transfer-encoding":"chunked"}
[debug] [2021-02-16T07:55:54.134Z] >>> [apiv2][query] POST https://firebasehosting.googleapis.com/v1beta1/sites/srmvecyrc/versions/064feb818b18bed9:populateFiles [none]
[debug] [2021-02-16T07:55:54.134Z] >>> [apiv2][body] POST https://firebasehosting.googleapis.com/v1beta1/sites/srmvecyrc/versions/064feb818b18bed9:populateFiles {"files":{"/asset-manifest.json":"a305aca2676cdf6fb8f9abe8f5dee91904b190be657a8d07564aaf6fd2aa7d40","/cross.png":"385a9d28cd970ad0e98b08cf8545a68d6f7664617c182e55eb02d0aba984d3a9","/google5dbd80ed76414fd8.html":"d72ff2b6298bc8a113ca56543299b3294e4ee9cccb8db6361b3aa0abb6dd088c","/index.html":"5439f32ee03ed74245fcf992f5236cd616bb288c7670eafbae1366c8b05784b4","/precache-manifest.c42ac1c7f205d2dd95e808e8fd959997.js":"2208f2e203414a2e4ce752fa12033f8cdd66397ada2725d3aec9660b2ba43211","/robots.txt":"2544ca049f223a42bff01f72ad930a5edba75bbb7199d0f8430a02ff5aca16ec","/service-worker.js":"2fbb3e1abaadb5e7b37abcce05f49dde7b68d3dce511ba51a96ebd96f3549c1b","/static/css/11.c6ee600d.chunk.css":"029dc4a6d18d4cc810781abd25018d26bc5e1a77c9ff1f0f3e772414b8f5abf0","/static/css/11.c6ee600d.chunk.css.map":"794f685c81add374e4937db96fe61057557aab9847d77f31dcaea62b1ce4c1d5","/static/css/8.c6ee600d.chunk.css":"ac17ca2b4374f750a8746f5d9c79ac779054156ff74d06cccd12048a5ba9e8d9","/static/css/8.c6ee600d.chunk.css.map":"a7c5a412c76377eeef2fc5846df19ca52d822af1c54e39c83be25fcda156a999","/static/css/9.c6ee600d.chunk.css":"b221721037e20e1abcdbed82af89b1ed2d1f14e3f0da6e447dbedb59d62ca0ea","/static/css/9.c6ee600d.chunk.css.map":"78d6682049690eb9d0d1474dc583825cba95288a562254e289c3ec58d29abad0","/static/css/main.6e3778ed.chunk.css":"7ce6cb52957f14f2a36e66bef04da55d94ccc28059c14b11c489fd3010ed03b7","/static/css/main.6e3778ed.chunk.css.map":"5566fef83f8b31731647f47a647f2b839d633d3bd3406f387712f9cd019817a2","/static/js/0.7ee55649.chunk.js":"000c4add0a929583d88aa6c52e400a3c1701af9f30385639001af7623e36abb4","/static/js/0.7ee55649.chunk.js.map":"1dc4527143960ae73ba2fe7055ab1da4a014042e42e27d5d0551da36a14b6690","/static/js/1.a962c7ca.chunk.js":"62fe617885ad95e9bb6fc00d4e4dfa39841da636aa3faac8831464880e679e94","/static/js/1.a962c7ca.chunk.js.map":"5c1cb0f6fc7236bfdfa3df67b167588c53bf3a61b76cf00d22a3636f2da3262a","/static/js/10.d96e2688.chunk.js":"0773e3f335691062890008a81c59951a634985ae491c1f0121bdba48532612b3","/static/js/10.d96e2688.chunk.js.map":"36efbb9074ee9bad632e939e2f7701a2cbe8383b750622881142c15314b14d8c","/static/js/11.f9fe4cf4.chunk.js":"65ebc9b3fbb6e9f6879274fb5daf115d9933dd35d731faa2efaa7ca9f33d33b8","/static/js/11.f9fe4cf4.chunk.js.map":"eb65521c39858bdbcb108c8c5abbd8f103666699ae8480558e8a4e968b16fdf0","/static/js/12.da98074c.chunk.js":"d4566d10719ab3a4ee1c7f3b586adeb7e93eed3df7fd66a0e36df4b124954570","/static/js/12.da98074c.chunk.js.map":"029ef29e0b4dc2e30778089f2c4e366209739a27cd7888fea49cebcef42194cb","/static/js/13.9bee6851.chunk.js":"4354c21338b9da25ddfb15ca09a2418d190e38a2fa9c7c2d1cfe9bcc98116fd5","/static/js/13.9bee6851.chunk.js.map":"52a5d8b08bac667561b3bc59343b38178b0ba75b4711d7ac9e0110be0133e87e","/static/js/14.9be99552.chunk.js":"c5a5ff771d4cfe900e8f029ca7cb8f70c8a360f474a09ea057a6ca3625ac4cf0","/static/js/14.9be99552.chunk.js.map":"7c3037ac25827b57521f9f9ac1447b4d49f9fd669da2cf53e6df580fe7100025","/static/js/15.86497742.chunk.js":"19c1d879453cd828b83666d8923289d35ea555126f6a7c8d5e4202abd46f57b1","/static/js/15.86497742.chunk.js.map":"fd2332d17d0e6d8a790c4de4f2b5a7a500280c688d306d0a0448341ff9430406","/static/js/16.f3bb17df.chunk.js":"d31bd1530a10e47c2f8278753fdd1302637fb11134dc226d50e08594326132ff","/static/js/16.f3bb17df.chunk.js.map":"3322970f29a4d4900a9544775715e576dc92f02b7b2f9cad8c78961e5926241a","/static/js/17.456810c9.chunk.js":"a147d7b14937f31c7317547cd50688b2396ef1e452e1a30227a53b99dfc12800","/static/js/17.456810c9.chunk.js.map":"a3a39dcf6f41edc0fe3171fc8e3e5e2db938db360476356a35e91088e7254783","/static/js/18.28ebe44d.chunk.js":"3ac1e8d74e9f13a5e6afe5b610ba626a0f17e88d45da7a76b4f65c4a4ff161c1","/static/js/18.28ebe44d.chunk.js.map":"dc944cdc504a02857f8257b854e2e1ef112e597c6797cb94a6cee80bd686c29c","/static/js/19.a3e248d1.chunk.js":"a0ecc8bd328edb40984d0840579de1d2ba0072a0c03afa8bd878cdd77025f4d4","/static/js/19.a3e248d1.chunk.js.map":"e5c92d6c9e8ab4eb59cb06672f34109610186083257fb34eb049a90d545a95fd","/static/js/2.80368e6c.chunk.js":"255ff8aa030ac9654cd331eebd6a3a42e490be82641f2c2f2784b849d1bfcb03","/static/js/2.80368e6c.chunk.js.LICENSE.txt":"283c9bd4a6471195ec89dc9f50c9424fab596011ffcf8350833ccdb2fe58cb42","/static/js/2.80368e6c.chunk.js.map":"93f6c1ca975e4a6be8669316c31b7d47caed84f0215648951825eb4c48f8de20","/static/js/20.135ca836.chunk.js":"23f102b696d759af462191f38aa5035d7d06c7db487b911f7231b3927df987d2","/static/js/20.135ca836.chunk.js.map":"58d3260aa8b179fde02a7c114949ee55e24cf00c62e03d63f65e02dee7bcff89","/static/js/3.d6448ea0.chunk.js":"1926fff6aa6862d1641119decd59af921877ca5d9ae713ce196f10c1d600a25b","/static/js/3.d6448ea0.chunk.js.map":"e42ad36105ec84b33a7bd1bebcc87f78f3136471ad1a09b145efa9105af1f2f5","/static/js/6.258fd997.chunk.js":"edbf5887e1a70a63108f5bb793491406c6700b23cd67c8bde7cf70abbcd79f05","/static/js/6.258fd997.chunk.js.LICENSE.txt":"5413d2a6f999542407df95d0403eef985188902d866878fc5f59d954f2dfb5d9","/static/js/6.258fd997.chunk.js.map":"08462819b8bdcfec68e4994f457ddd4720de50de71db3f9a54e81b97ae556581","/static/js/7.84a0f057.chunk.js":"1e3ccaf1f11952e3b4e404e273d5f748ed939de1ea26c30aee0b223c7fb1dd63","/static/js/7.84a0f057.chunk.js.LICENSE.txt":"53e06463d4bc9f9bcab58689265c1ddbf7740a8fdd8bdc4d653544d343374ac7","/static/js/7.84a0f057.chunk.js.map":"17c7c3c2bb29c99965deb16232dc8046ff1a675aa45ad1cc82aa489ad1ee2c40","/static/js/8.4524b554.chunk.js":"ef055d1a2ebb13206201b448777a7de55ec34ff3c8bb5b1b18237ec5a3e37289","/static/js/8.4524b554.chunk.js.map":"3749a73ef8bddcdf55238a7bff039a27874c0236a83f40b1e04600dd88eb700e","/static/js/9.64d334aa.chunk.js":"6afc7f9f639725b2d8fd5bc768ec35b952383f5dc71a44fcefdbab95d5cd9767","/static/js/9.64d334aa.chunk.js.map":"86df2d0d228f80831bc5b313ddebdc021cab588c4bd37703fe88b960efd83898","/static/js/main.2219dfa9.chunk.js":"949f694e9bc1700debf714c12c182b64c3a1ea6ad728a2e9509f9cd378d4cb99","/static/js/main.2219dfa9.chunk.js.map":"8dbf178c208f07a0d67854746829742823219aa30cec30c37ea78c1193ae2420","/static/js/runtime-main.46cda59d.js":"97b467e32390caec39c933d62a6db450abd9ae8130f35ad2bdc1493072605c31","/static/js/runtime-main.46cda59d.js.map":"a50430c8fcb576ffe5d07585fcc74cdc2aa760765fa35b1a34869b667e740583","/static/media/noimg.521a820e.jpeg":"34c8836e0d8390324470ed65e5b0442256898a53858d861872f9ddd6a81fefb8","/static/media/thumb.22e7f53c.png":"cd5b532d74669b2250a8109776ba0e13fa2c17f86a25209baca35ebfe65a5de0"}}
